# JRE version: OpenJDK Runtime Environment (8.0_242-b01) (build 1.8.0_242-release-1644-b01)
# Java VM: OpenJDK 64-Bit Server VM (25.242-b01 mixed mode windows-amd64 compressed oops)
Heap:
 PSYoungGen      total 519680K, used 146941K [0x00000000d5580000, 0x0000000100000000, 0x0000000100000000)
  eden space 422400K, 15% used [0x00000000d5580000,0x00000000d942ab88,0x00000000ef200000)
  from space 97280K, 85% used [0x00000000ef200000,0x00000000f42d4938,0x00000000f5100000)
  to   space 105984K, 0% used [0x00000000f9880000,0x00000000f9880000,0x0000000100000000)
 ParOldGen       total 351232K, used 189685K [0x0000000080000000, 0x0000000095700000, 0x00000000d5580000)
  object space 351232K, 54% used [0x0000000080000000,0x000000008b93d748,0x0000000095700000)
 Metaspace       used 138484K, capacity 148120K, committed 149848K, reserved 1179648K
  class space    used 18079K, capacity 19798K, committed 20096K, reserved 1048576K
GC Heap History (10 events):
Event: 9760.619 GC heap before
{Heap before GC invocations=54 (full 7):
 PSYoungGen      total 417792K, used 382097K [0x00000000d5580000, 0x00000000f4080000, 0x0000000100000000)
  eden space 350208K, 100% used [0x00000000d5580000,0x00000000eab80000,0x00000000eab80000)
  from space 67584K, 47% used [0x00000000efe80000,0x00000000f1da47d8,0x00000000f4080000)
  to   space 76288K, 0% used [0x00000000eab80000,0x00000000eab80000,0x00000000ef600000)
 ParOldGen       total 351232K, used 178147K [0x0000000080000000, 0x0000000095700000, 0x00000000d5580000)
  object space 351232K, 50% used [0x0000000080000000,0x000000008adf8fa8,0x0000000095700000)
 Metaspace       used 137751K, capacity 147088K, committed 148952K, reserved 1177600K
  class space    used 17991K, capacity 19658K, committed 19968K, reserved 1048576K
Event: 9761.092 GC heap after
Heap after GC invocations=54 (full 7):
 PSYoungGen      total 426496K, used 36352K [0x00000000d5580000, 0x00000000f5280000, 0x0000000100000000)
  eden space 350208K, 0% used [0x00000000d5580000,0x00000000d5580000,0x00000000eab80000)
  from space 76288K, 47% used [0x00000000eab80000,0x00000000ecf00360,0x00000000ef600000)
  to   space 72704K, 0% used [0x00000000f0b80000,0x00000000f0b80000,0x00000000f5280000)
 ParOldGen       total 351232K, used 178155K [0x0000000080000000, 0x0000000095700000, 0x00000000d5580000)
  object space 351232K, 50% used [0x0000000080000000,0x000000008adfafa8,0x0000000095700000)
 Metaspace       used 137751K, capacity 147088K, committed 148952K, reserved 1177600K
  class space    used 17991K, capacity 19658K, committed 19968K, reserved 1048576K
}
Event: 9763.472 GC heap before
{Heap before GC invocations=55 (full 7):
 PSYoungGen      total 426496K, used 386560K [0x00000000d5580000, 0x00000000f5280000, 0x0000000100000000)
  eden space 350208K, 100% used [0x00000000d5580000,0x00000000eab80000,0x00000000eab80000)
  from space 76288K, 47% used [0x00000000eab80000,0x00000000ecf00360,0x00000000ef600000)
  to   space 72704K, 0% used [0x00000000f0b80000,0x00000000f0b80000,0x00000000f5280000)
 ParOldGen       total 351232K, used 178155K [0x0000000080000000, 0x0000000095700000, 0x00000000d5580000)
  object space 351232K, 50% used [0x0000000080000000,0x000000008adfafa8,0x0000000095700000)
 Metaspace       used 137865K, capacity 147216K, committed 149208K, reserved 1179648K
  class space    used 17997K, capacity 19692K, committed 19968K, reserved 1048576K
Event: 9763.541 GC heap after
Heap after GC invocations=55 (full 7):
 PSYoungGen      total 450048K, used 40830K [0x00000000d5580000, 0x00000000f5900000, 0x0000000100000000)
  eden space 377344K, 0% used [0x00000000d5580000,0x00000000d5580000,0x00000000ec600000)
  from space 72704K, 56% used [0x00000000f0b80000,0x00000000f335fb28,0x00000000f5280000)
  to   space 71168K, 0% used [0x00000000ec600000,0x00000000ec600000,0x00000000f0b80000)
 ParOldGen       total 351232K, used 178163K [0x0000000080000000, 0x0000000095700000, 0x00000000d5580000)
  object space 351232K, 50% used [0x0000000080000000,0x000000008adfcfa8,0x0000000095700000)
 Metaspace       used 137865K, capacity 147216K, committed 149208K, reserved 1179648K
  class space    used 17997K, capacity 19692K, committed 19968K, reserved 1048576K
}
Event: 9764.330 GC heap before
{Heap before GC invocations=56 (full 7):
 PSYoungGen      total 450048K, used 418174K [0x00000000d5580000, 0x00000000f5900000, 0x0000000100000000)
  eden space 377344K, 100% used [0x00000000d5580000,0x00000000ec600000,0x00000000ec600000)
  from space 72704K, 56% used [0x00000000f0b80000,0x00000000f335fb28,0x00000000f5280000)
  to   space 71168K, 0% used [0x00000000ec600000,0x00000000ec600000,0x00000000f0b80000)
 ParOldGen       total 351232K, used 178163K [0x0000000080000000, 0x0000000095700000, 0x00000000d5580000)
  object space 351232K, 50% used [0x0000000080000000,0x000000008adfcfa8,0x0000000095700000)
 Metaspace       used 138187K, capacity 147612K, committed 149464K, reserved 1179648K
  class space    used 18042K, capacity 19722K, committed 19968K, reserved 1048576K
Event: 9764.415 GC heap after
Heap after GC invocations=56 (full 7):
 PSYoungGen      total 448512K, used 71151K [0x00000000d5580000, 0x00000000fa380000, 0x0000000100000000)
  eden space 377344K, 0% used [0x00000000d5580000,0x00000000d5580000,0x00000000ec600000)
  from space 71168K, 99% used [0x00000000ec600000,0x00000000f0b7bc08,0x00000000f0b80000)
  to   space 84480K, 0% used [0x00000000f5100000,0x00000000f5100000,0x00000000fa380000)
 ParOldGen       total 351232K, used 187787K [0x0000000080000000, 0x0000000095700000, 0x00000000d5580000)
  object space 351232K, 53% used [0x0000000080000000,0x000000008b762f28,0x0000000095700000)
 Metaspace       used 138187K, capacity 147612K, committed 149464K, reserved 1179648K
  class space    used 18042K, capacity 19722K, committed 19968K, reserved 1048576K
}
Event: 9765.013 GC heap before
{Heap before GC invocations=57 (full 7):
 PSYoungGen      total 448512K, used 448495K [0x00000000d5580000, 0x00000000fa380000, 0x0000000100000000)
  eden space 377344K, 100% used [0x00000000d5580000,0x00000000ec600000,0x00000000ec600000)
  from space 71168K, 99% used [0x00000000ec600000,0x00000000f0b7bc08,0x00000000f0b80000)
  to   space 84480K, 0% used [0x00000000f5100000,0x00000000f5100000,0x00000000fa380000)
 ParOldGen       total 351232K, used 187787K [0x0000000080000000, 0x0000000095700000, 0x00000000d5580000)
  object space 351232K, 53% used [0x0000000080000000,0x000000008b762f28,0x0000000095700000)
 Metaspace       used 138408K, capacity 147970K, committed 149592K, reserved 1179648K
  class space    used 18077K, capacity 19797K, committed 20096K, reserved 1048576K
Event: 9765.072 GC heap after
Heap after GC invocations=57 (full 7):
 PSYoungGen      total 506880K, used 84460K [0x00000000d5580000, 0x00000000fc200000, 0x0000000100000000)
  eden space 422400K, 0% used [0x00000000d5580000,0x00000000d5580000,0x00000000ef200000)
  from space 84480K, 99% used [0x00000000f5100000,0x00000000fa37b2c8,0x00000000fa380000)
  to   space 97280K, 0% used [0x00000000ef200000,0x00000000ef200000,0x00000000f5100000)
 ParOldGen       total 351232K, used 189685K [0x0000000080000000, 0x0000000095700000, 0x00000000d5580000)
  object space 351232K, 54% used [0x0000000080000000,0x000000008b93d748,0x0000000095700000)
 Metaspace       used 138408K, capacity 147970K, committed 149592K, reserved 1179648K
  class space    used 18077K, capacity 19797K, committed 20096K, reserved 1048576K
}
Event: 9765.724 GC heap before
{Heap before GC invocations=58 (full 7):
 PSYoungGen      total 506880K, used 506860K [0x00000000d5580000, 0x00000000fc200000, 0x0000000100000000)
  eden space 422400K, 100% used [0x00000000d5580000,0x00000000ef200000,0x00000000ef200000)
  from space 84480K, 99% used [0x00000000f5100000,0x00000000fa37b2c8,0x00000000fa380000)
  to   space 97280K, 0% used [0x00000000ef200000,0x00000000ef200000,0x00000000f5100000)
 ParOldGen       total 351232K, used 189685K [0x0000000080000000, 0x0000000095700000, 0x00000000d5580000)
  object space 351232K, 54% used [0x0000000080000000,0x000000008b93d748,0x0000000095700000)
 Metaspace       used 138483K, capacity 148056K, committed 149592K, reserved 1179648K
  class space    used 18079K, capacity 19798K, committed 20096K, reserved 1048576K
Event: 9765.785 GC heap after
Heap after GC invocations=58 (full 7):
 PSYoungGen      total 519680K, used 82770K [0x00000000d5580000, 0x0000000100000000, 0x0000000100000000)
  eden space 422400K, 0% used [0x00000000d5580000,0x00000000d5580000,0x00000000ef200000)
  from space 97280K, 85% used [0x00000000ef200000,0x00000000f42d4938,0x00000000f5100000)
  to   space 105984K, 0% used [0x00000000f9880000,0x00000000f9880000,0x0000000100000000)
 ParOldGen       total 351232K, used 189685K [0x0000000080000000, 0x0000000095700000, 0x00000000d5580000)
  object space 351232K, 54% used [0x0000000080000000,0x000000008b93d748,0x0000000095700000)
 Metaspace       used 138483K, capacity 148056K, committed 149592K, reserved 1179648K
  class space    used 18079K, capacity 19798K, committed 20096K, reserved 1048576K
}

